{"level":"error","message":"Failed to sync database: ConnectionRefusedError [SequelizeConnectionRefusedError]\n    at ConnectionManager.connect (C:\\Users\\ANUP SINGH\\OneDrive\\文件\\Desktop\\projet\\backend\\node_modules\\sequelize\\lib\\dialects\\mysql\\connection-manager.js:92:17)\n    at process.processTicksAndRejections (node:internal/process/task_queues:103:5)\n    at async ConnectionManager._connect (C:\\Users\\ANUP SINGH\\OneDrive\\文件\\Desktop\\projet\\backend\\node_modules\\sequelize\\lib\\dialects\\abstract\\connection-manager.js:222:24)\n    at async C:\\Users\\ANUP SINGH\\OneDrive\\文件\\Desktop\\projet\\backend\\node_modules\\sequelize\\lib\\dialects\\abstract\\connection-manager.js:174:32 {\n  parent: AggregateError [ECONNREFUSED]: \n      at internalConnectMultiple (node:net:1134:18)\n      at afterConnectMultiple (node:net:1715:7) {\n    code: 'ECONNREFUSED',\n    fatal: true,\n    [errors]: [ [Error], [Error] ]\n  },\n  original: AggregateError [ECONNREFUSED]: \n      at internalConnectMultiple (node:net:1134:18)\n      at afterConnectMultiple (node:net:1715:7) {\n    code: 'ECONNREFUSED',\n    fatal: true,\n    [errors]: [ [Error], [Error] ]\n  }\n}","service":"edu-creative-backend","timestamp":"2026-04-09 12:39:20"}
{"level":"error","message":"Failed to sync database: ConnectionRefusedError [SequelizeConnectionRefusedError]\n    at ConnectionManager.connect (C:\\Users\\ANUP SINGH\\OneDrive\\文件\\Desktop\\projet\\backend\\node_modules\\sequelize\\lib\\dialects\\mysql\\connection-manager.js:92:17)\n    at process.processTicksAndRejections (node:internal/process/task_queues:103:5)\n    at async ConnectionManager._connect (C:\\Users\\ANUP SINGH\\OneDrive\\文件\\Desktop\\projet\\backend\\node_modules\\sequelize\\lib\\dialects\\abstract\\connection-manager.js:222:24)\n    at async C:\\Users\\ANUP SINGH\\OneDrive\\文件\\Desktop\\projet\\backend\\node_modules\\sequelize\\lib\\dialects\\abstract\\connection-manager.js:174:32 {\n  parent: AggregateError [ECONNREFUSED]: \n      at internalConnectMultiple (node:net:1134:18)\n      at afterConnectMultiple (node:net:1715:7) {\n    code: 'ECONNREFUSED',\n    fatal: true,\n    [errors]: [ [Error], [Error] ]\n  },\n  original: AggregateError [ECONNREFUSED]: \n      at internalConnectMultiple (node:net:1134:18)\n      at afterConnectMultiple (node:net:1715:7) {\n    code: 'ECONNREFUSED',\n    fatal: true,\n    [errors]: [ [Error], [Error] ]\n  }\n}","service":"edu-creative-backend","timestamp":"2026-04-09 12:53:37"}
{"level":"info","message":"Database synced globally with advanced models","service":"edu-creative-backend","timestamp":"2026-04-09 12:56:55"}
{"level":"info","message":"Server running on port 5000 in development mode","service":"edu-creative-backend","timestamp":"2026-04-09 12:56:55"}
{"level":"error","message":"Registration error: Unknown column 'session_id' in 'field list'","service":"edu-creative-backend","timestamp":"2026-04-09 12:58:36"}
{"level":"info","message":"Database synced globally with advanced models","service":"edu-creative-backend","timestamp":"2026-04-09 13:00:09"}
{"level":"info","message":"Server running on port 5000 in development mode","service":"edu-creative-backend","timestamp":"2026-04-09 13:00:09"}
{"level":"info","message":"Database synced globally with advanced models","service":"edu-creative-backend","timestamp":"2026-04-09 13:02:10"}
{"level":"info","message":"Server running on port 5000 in development mode","service":"edu-creative-backend","timestamp":"2026-04-09 13:02:10"}
{"level":"info","message":"User registered: student@example.com for Tenant: null","service":"edu-creative-backend","timestamp":"2026-04-09 13:02:20"}
{"level":"info","message":"User registered: teacher@example.com for Tenant: null","service":"edu-creative-backend","timestamp":"2026-04-09 13:03:56"}
{"level":"info","message":"User registered: institute@example.com for Tenant: null","service":"edu-creative-backend","timestamp":"2026-04-09 13:05:02"}
{"level":"info","message":"Database synced globally with advanced models","service":"edu-creative-backend","timestamp":"2026-04-09 13:07:19"}
{"level":"info","message":"Server running on port 5000 in development mode","service":"edu-creative-backend","timestamp":"2026-04-09 13:07:19"}
{"level":"info","message":"User logged in: student@example.com","service":"edu-creative-backend","timestamp":"2026-04-09 13:07:23"}
{"level":"info","message":"User logged in: teacher@example.com","service":"edu-creative-backend","timestamp":"2026-04-09 13:08:02"}
{"level":"info","message":"User logged in: institute@example.com","service":"edu-creative-backend","timestamp":"2026-04-09 13:08:19"}
{"level":"info","message":"Database synced globally with advanced models","service":"edu-creative-backend","timestamp":"2026-04-09 13:15:14"}
{"level":"info","message":"Server running on port 5000 in development mode","service":"edu-creative-backend","timestamp":"2026-04-09 13:15:14"}
{"level":"info","message":"Database synced globally with advanced models","service":"edu-creative-backend","timestamp":"2026-04-09 13:15:47"}
{"level":"info","message":"Server running on port 5000 in development mode","service":"edu-creative-backend","timestamp":"2026-04-09 13:15:47"}
{"level":"info","message":"Database synced globally with advanced models","service":"edu-creative-backend","timestamp":"2026-04-09 13:16:08"}
{"level":"info","message":"Server running on port 5000 in development mode","service":"edu-creative-backend","timestamp":"2026-04-09 13:16:08"}
{"level":"info","message":"Database synced globally with advanced models","service":"edu-creative-backend","timestamp":"2026-04-09 13:16:29"}
{"level":"info","message":"Server running on port 5000 in development mode","service":"edu-creative-backend","timestamp":"2026-04-09 13:16:29"}
{"level":"info","message":"Database synced globally with advanced models","service":"edu-creative-backend","timestamp":"2026-04-09 13:16:52"}
{"level":"info","message":"Server running on port 5000 in development mode","service":"edu-creative-backend","timestamp":"2026-04-09 13:16:52"}
{"level":"info","message":"Database synced globally with advanced models","service":"edu-creative-backend","timestamp":"2026-04-09 13:17:37"}
{"level":"info","message":"Server running on port 5000 in development mode","service":"edu-creative-backend","timestamp":"2026-04-09 13:17:37"}
{"level":"info","message":"Database synced globally with advanced models","service":"edu-creative-backend","timestamp":"2026-04-09 13:41:24"}
{"level":"info","message":"Server running on port 5000 in development mode","service":"edu-creative-backend","timestamp":"2026-04-09 13:41:24"}
{"level":"info","message":"Reset email sent to: nakulsharma162002@gmail.com","service":"edu-creative-backend","timestamp":"2026-04-09 13:46:26"}
{"level":"info","message":"Database synced globally with advanced models","service":"edu-creative-backend","timestamp":"2026-04-09 14:00:27"}
{"level":"info","message":"Server running on port 5000 in development mode","service":"edu-creative-backend","timestamp":"2026-04-09 14:00:27"}
{"level":"info","message":"User logged in: nakulsharma162002@gmail.com","service":"edu-creative-backend","timestamp":"2026-04-09 14:22:54"}
{"level":"info","message":"User logged in: admin@educreative.com","service":"edu-creative-backend","timestamp":"2026-04-09 14:52:48"}
{"level":"info","message":"User logged in: institute@example.com","service":"edu-creative-backend","timestamp":"2026-04-09 15:48:30"}
{"level":"info","message":"User logged in: nakulsharma162002@gmail.com","service":"edu-creative-backend","timestamp":"2026-04-09 15:50:43"}
